<?xml version="1.0" encoding="UTF-8"?>
<testsuite name="com.example.demo.service.MemberServiceintegrationTest" tests="1" skipped="0" failures="0" errors="0" timestamp="2023-05-01T20:13:28" hostname="LAPTOP-BCNO0G61" time="0.427">
  <properties/>
  <testcase name="회원가입()" classname="com.example.demo.service.MemberServiceintegrationTest" time="0.427"/>
  <system-out><![CDATA[05:13:24.326 [Test worker] DEBUG org.springframework.boot.test.context.SpringBootTestContextBootstrapper -- Neither @ContextConfiguration nor @ContextHierarchy found for test class [MemberServiceintegrationTest]: using SpringBootContextLoader
05:13:24.330 [Test worker] DEBUG org.springframework.test.context.support.AbstractContextLoader -- Could not detect default resource locations for test class [com.example.demo.service.MemberServiceintegrationTest]: no resource found for suffixes {-context.xml, Context.groovy}.
05:13:24.331 [Test worker] INFO org.springframework.test.context.support.AnnotationConfigContextLoaderUtils -- Could not detect default configuration classes for test class [com.example.demo.service.MemberServiceintegrationTest]: MemberServiceintegrationTest does not declare any static, non-private, non-final, nested classes annotated with @Configuration.
05:13:24.362 [Test worker] DEBUG org.springframework.boot.test.context.SpringBootTestContextBootstrapper -- Using ContextCustomizers for test class [MemberServiceintegrationTest]: [DisableObservabilityContextCustomizer, PropertyMappingContextCustomizer, Customizer, ExcludeFilterContextCustomizer, DuplicateJsonObjectContextCustomizer, MockitoContextCustomizer, TestRestTemplateContextCustomizer]
05:13:24.442 [Test worker] DEBUG org.springframework.context.annotation.ClassPathScanningCandidateComponentProvider -- Identified candidate component class: file [C:\Users\ejvhf\Desktop\Java-Study-01\지훈\demo\build\classes\java\main\com\example\demo\DemoApplication.class]
05:13:24.445 [Test worker] INFO org.springframework.boot.test.context.SpringBootTestContextBootstrapper -- Found @SpringBootConfiguration com.example.demo.DemoApplication for test class com.example.demo.service.MemberServiceintegrationTest
05:13:24.550 [Test worker] DEBUG org.springframework.boot.test.context.SpringBootTestContextBootstrapper -- Using TestExecutionListeners for test class [MemberServiceintegrationTest]: [ServletTestExecutionListener, DirtiesContextBeforeModesTestExecutionListener, ApplicationEventsTestExecutionListener, MockitoTestExecutionListener, DependencyInjectionTestExecutionListener, DirtiesContextTestExecutionListener, TransactionalTestExecutionListener, SqlScriptsTestExecutionListener, EventPublishingTestExecutionListener, RestDocsTestExecutionListener, MockRestServiceServerResetTestExecutionListener, MockMvcPrintOnlyOnFailureTestExecutionListener, WebDriverTestExecutionListener, MockWebServiceServerTestExecutionListener, ResetMocksTestExecutionListener]
05:13:24.552 [Test worker] DEBUG org.springframework.test.context.support.AbstractDirtiesContextTestExecutionListener -- Before test class: class [MemberServiceintegrationTest], class annotated with @DirtiesContext [false] with mode [null]

  .   ____          _            __ _ _
 /\\ / ___'_ __ _ _(_)_ __  __ _ \ \ \ \
( ( )\___ | '_ | '_| | '_ \/ _` | \ \ \ \
 \\/  ___)| |_)| | | | | || (_| |  ) ) ) )
  '  |____| .__|_| |_|_| |_\__, | / / / /
 =========|_|==============|___/=/_/_/_/
 :: Spring Boot ::                (v3.0.6)

2023-05-02T05:13:24.821+09:00  INFO 3392 --- [    Test worker] c.e.d.s.MemberServiceintegrationTest     : Starting MemberServiceintegrationTest using Java 19.0.2 with PID 3392 (started by ejvhf in C:\Users\ejvhf\Desktop\Java-Study-01\지훈\demo)
2023-05-02T05:13:24.823+09:00  INFO 3392 --- [    Test worker] c.e.d.s.MemberServiceintegrationTest     : No active profile set, falling back to 1 default profile: "default"
2023-05-02T05:13:25.484+09:00  INFO 3392 --- [    Test worker] .s.d.r.c.RepositoryConfigurationDelegate : Bootstrapping Spring Data JPA repositories in DEFAULT mode.
2023-05-02T05:13:25.555+09:00  INFO 3392 --- [    Test worker] .s.d.r.c.RepositoryConfigurationDelegate : Finished Spring Data repository scanning in 59 ms. Found 1 JPA repository interfaces.
2023-05-02T05:13:26.127+09:00  INFO 3392 --- [    Test worker] o.hibernate.jpa.internal.util.LogHelper  : HHH000204: Processing PersistenceUnitInfo [name: default]
2023-05-02T05:13:26.193+09:00  INFO 3392 --- [    Test worker] org.hibernate.Version                    : HHH000412: Hibernate ORM core version 6.1.7.Final
2023-05-02T05:13:26.524+09:00  INFO 3392 --- [    Test worker] com.zaxxer.hikari.HikariDataSource       : HikariPool-1 - Starting...
2023-05-02T05:13:26.601+09:00  INFO 3392 --- [    Test worker] com.zaxxer.hikari.pool.HikariPool        : HikariPool-1 - Added connection conn0: url=jdbc:h2:tcp://localhost/~/test user=SA
2023-05-02T05:13:26.603+09:00  INFO 3392 --- [    Test worker] com.zaxxer.hikari.HikariDataSource       : HikariPool-1 - Start completed.
2023-05-02T05:13:26.643+09:00  INFO 3392 --- [    Test worker] SQL dialect                              : HHH000400: Using dialect: org.hibernate.dialect.H2Dialect
2023-05-02T05:13:27.327+09:00  INFO 3392 --- [    Test worker] o.h.e.t.j.p.i.JtaPlatformInitiator       : HHH000490: Using JtaPlatform implementation: [org.hibernate.engine.transaction.jta.platform.internal.NoJtaPlatform]
2023-05-02T05:13:27.336+09:00  INFO 3392 --- [    Test worker] j.LocalContainerEntityManagerFactoryBean : Initialized JPA EntityManagerFactory for persistence unit 'default'
START: execution(MemberService com.example.demo.SpringConfig.memberService())
END: execution(MemberService com.example.demo.SpringConfig.memberService()) 2ms
memberService =class com.example.demo.service.MemberService$$SpringCGLIB$$0
2023-05-02T05:13:27.880+09:00  WARN 3392 --- [    Test worker] JpaBaseConfiguration$JpaWebConfiguration : spring.jpa.open-in-view is enabled by default. Therefore, database queries may be performed during view rendering. Explicitly configure spring.jpa.open-in-view to disable this warning
2023-05-02T05:13:28.096+09:00  INFO 3392 --- [    Test worker] o.s.b.a.w.s.WelcomePageHandlerMapping    : Adding welcome page: class path resource [static/index.html]
2023-05-02T05:13:28.331+09:00  INFO 3392 --- [    Test worker] c.e.d.s.MemberServiceintegrationTest     : Started MemberServiceintegrationTest in 3.731 seconds (process running for 4.975)
START: execution(Long com.example.demo.service.MemberService.join(Member))
START: execution(Optional com.example.demo.Repository.SpringDataJpaMemberRepository.findByName(String))
Hibernate: select m1_0.id,m1_0.name from member m1_0 where m1_0.name=?
END: execution(Optional com.example.demo.Repository.SpringDataJpaMemberRepository.findByName(String)) 124ms
START: execution(Member com.example.demo.Repository.MemberRepository.save(Member))
Hibernate: insert into member (id, name) values (default, ?)
END: execution(Member com.example.demo.Repository.MemberRepository.save(Member)) 30ms
join =156ms
END: execution(Long com.example.demo.service.MemberService.join(Member)) 157ms
START: execution(Optional com.example.demo.service.MemberService.findOne(Long))
START: execution(Optional com.example.demo.Repository.MemberRepository.findById(Long))
END: execution(Optional com.example.demo.Repository.MemberRepository.findById(Long)) 9ms
END: execution(Optional com.example.demo.service.MemberService.findOne(Long)) 10ms
]]></system-out>
  <system-err><![CDATA[]]></system-err>
</testsuite>
